Release 14.7 - xst P.20131013 (nt64)
Copyright (c) 1995-2013 Xilinx, Inc.  All rights reserved.
--> Parameter TMPDIR set to xst/projnav.tmp


Total REAL time to Xst completion: 0.00 secs
Total CPU time to Xst completion: 0.07 secs
 
--> Parameter xsthdpdir set to xst


Total REAL time to Xst completion: 0.00 secs
Total CPU time to Xst completion: 0.07 secs
 
--> Reading design: top.prj

TABLE OF CONTENTS
  1) Synthesis Options Summary
  2) HDL Parsing
  3) HDL Elaboration
  4) HDL Synthesis
       4.1) HDL Synthesis Report
  5) Advanced HDL Synthesis
       5.1) Advanced HDL Synthesis Report
  6) Low Level Synthesis
  7) Partition Report
  8) Design Summary
       8.1) Primitive and Black Box Usage
       8.2) Device utilization summary
       8.3) Partition Resource Summary
       8.4) Timing Report
            8.4.1) Clock Information
            8.4.2) Asynchronous Control Signals Information
            8.4.3) Timing Summary
            8.4.4) Timing Details
            8.4.5) Cross Clock Domains Report


=========================================================================
*                      Synthesis Options Summary                        *
=========================================================================
---- Source Parameters
Input File Name                    : "top.prj"
Ignore Synthesis Constraint File   : NO

---- Target Parameters
Output File Name                   : "top"
Output Format                      : NGC
Target Device                      : xc7k160t-1-ffg676

---- Source Options
Top Module Name                    : top
Automatic FSM Extraction           : YES
FSM Encoding Algorithm             : Auto
Safe Implementation                : No
FSM Style                          : LUT
RAM Extraction                     : Yes
RAM Style                          : Auto
ROM Extraction                     : Yes
Shift Register Extraction          : YES
ROM Style                          : Auto
Resource Sharing                   : YES
Asynchronous To Synchronous        : NO
Shift Register Minimum Size        : 2
Use DSP Block                      : Auto
Automatic Register Balancing       : No

---- Target Options
LUT Combining                      : Auto
Reduce Control Sets                : Auto
Add IO Buffers                     : YES
Global Maximum Fanout              : 100000
Add Generic Clock Buffer(BUFG)     : 32
Register Duplication               : YES
Optimize Instantiated Primitives   : NO
Use Clock Enable                   : Auto
Use Synchronous Set                : Auto
Use Synchronous Reset              : Auto
Pack IO Registers into IOBs        : Auto
Equivalent register Removal        : YES

---- General Options
Optimization Goal                  : Speed
Optimization Effort                : 1
Power Reduction                    : NO
Keep Hierarchy                     : No
Netlist Hierarchy                  : As_Optimized
RTL Output                         : Yes
Global Optimization                : AllClockNets
Read Cores                         : YES
Write Timing Constraints           : NO
Cross Clock Analysis               : NO
Hierarchy Separator                : /
Bus Delimiter                      : <>
Case Specifier                     : Maintain
Slice Utilization Ratio            : 100
BRAM Utilization Ratio             : 100
DSP48 Utilization Ratio            : 100
Auto BRAM Packing                  : NO
Slice Utilization Ratio Delta      : 5

=========================================================================


=========================================================================
*                          HDL Parsing                                  *
=========================================================================
Analyzing Verilog file "E:\lab\7\ScoreBoard\MyMC14495.v" into library work
Parsing module <MyMC14495>.
Analyzing Verilog file "E:\lab\7\ScoreBoard\DisplaySync.v" into library work
Parsing module <DisplaySync>.
Analyzing Verilog file "E:\lab\7\ScoreBoard\clkdiv.v" into library work
Parsing module <clkdiv>.
Analyzing Verilog file "E:\lab\7\ScoreBoard\DisNum.v" into library work
Parsing module <DisNum>.
Analyzing Verilog file "E:\lab\7\ScoreBoard\CreatNumber.v" into library work
Parsing module <CreatNumber>.
Analyzing Verilog file "E:\lab\7\ScoreBoard\top.v" into library work
Parsing module <top>.

=========================================================================
*                            HDL Elaboration                            *
=========================================================================

Elaborating module <top>.

Elaborating module <CreatNumber>.

Elaborating module <DisNum>.

Elaborating module <clkdiv>.

Elaborating module <DisplaySync>.

Elaborating module <MyMC14495>.

=========================================================================
*                           HDL Synthesis                               *
=========================================================================

Synthesizing Unit <top>.
    Related source file is "E:\lab\7\ScoreBoard\top.v".
    Summary:
	no macro.
Unit <top> synthesized.

Synthesizing Unit <CreatNumber>.
    Related source file is "E:\lab\7\ScoreBoard\CreatNumber.v".
    Found 1-bit register for signal <num<2>>.
    Found 1-bit register for signal <num<1>>.
    Found 1-bit register for signal <num<0>>.
    Found 1-bit register for signal <num<7>>.
    Found 1-bit register for signal <num<6>>.
    Found 1-bit register for signal <num<5>>.
    Found 1-bit register for signal <num<4>>.
    Found 1-bit register for signal <num<11>>.
    Found 1-bit register for signal <num<10>>.
    Found 1-bit register for signal <num<9>>.
    Found 1-bit register for signal <num<8>>.
    Found 1-bit register for signal <num<15>>.
    Found 1-bit register for signal <num<14>>.
    Found 1-bit register for signal <num<13>>.
    Found 1-bit register for signal <num<12>>.
    Found 1-bit register for signal <num<3>>.
    Found 4-bit adder for signal <A> created at line 27.
    Found 4-bit adder for signal <B> created at line 28.
    Found 4-bit adder for signal <C> created at line 29.
    Found 4-bit adder for signal <D> created at line 30.
    Summary:
	inferred   4 Adder/Subtractor(s).
	inferred  16 D-type flip-flop(s).
Unit <CreatNumber> synthesized.

Synthesizing Unit <DisNum>.
    Related source file is "E:\lab\7\ScoreBoard\DisNum.v".
    Summary:
	no macro.
Unit <DisNum> synthesized.

Synthesizing Unit <clkdiv>.
    Related source file is "E:\lab\7\ScoreBoard\clkdiv.v".
    Found 32-bit register for signal <clkdiv>.
    Found 32-bit adder for signal <clkdiv[31]_GND_4_o_add_0_OUT> created at line 29.
    Summary:
	inferred   1 Adder/Subtractor(s).
	inferred  32 D-type flip-flop(s).
Unit <clkdiv> synthesized.

Synthesizing Unit <DisplaySync>.
    Related source file is "E:\lab\7\ScoreBoard\DisplaySync.v".
    Found 4x4-bit Read Only RAM for signal <AN>
    Found 4-bit 4-to-1 multiplexer for signal <Hex> created at line 32.
    Found 1-bit 4-to-1 multiplexer for signal <p> created at line 32.
    Found 1-bit 4-to-1 multiplexer for signal <LE> created at line 32.
    Summary:
	inferred   1 RAM(s).
	inferred   3 Multiplexer(s).
Unit <DisplaySync> synthesized.

Synthesizing Unit <MyMC14495>.
    Related source file is "E:\lab\7\ScoreBoard\MyMC14495.v".
    Summary:
	inferred   1 Multiplexer(s).
Unit <MyMC14495> synthesized.

=========================================================================
HDL Synthesis Report

Macro Statistics
# RAMs                                                 : 1
 4x4-bit single-port Read Only RAM                     : 1
# Adders/Subtractors                                   : 5
 32-bit adder                                          : 1
 4-bit adder                                           : 4
# Registers                                            : 5
 32-bit register                                       : 1
 4-bit register                                        : 4
# Multiplexers                                         : 4
 1-bit 4-to-1 multiplexer                              : 2
 4-bit 4-to-1 multiplexer                              : 1
 7-bit 2-to-1 multiplexer                              : 1

=========================================================================

=========================================================================
*                       Advanced HDL Synthesis                          *
=========================================================================


Synthesizing (advanced) Unit <CreatNumber>.
The following registers are absorbed into counter <num<3:0>>: 1 register on signal <num<3:0>>.
The following registers are absorbed into counter <num<4>_num<5>_num<6>_num<7>>: 1 register on signal <num<4>_num<5>_num<6>_num<7>>.
The following registers are absorbed into counter <num<8>_num<9>_num<10>_num<11>>: 1 register on signal <num<8>_num<9>_num<10>_num<11>>.
The following registers are absorbed into counter <num<12>_num<13>_num<14>_num<15>>: 1 register on signal <num<12>_num<13>_num<14>_num<15>>.
Unit <CreatNumber> synthesized (advanced).

Synthesizing (advanced) Unit <DisplaySync>.
INFO:Xst:3218 - HDL ADVISOR - The RAM <Mram_AN> will be implemented on LUTs either because you have described an asynchronous read or because of currently unsupported block RAM features. If you have described an asynchronous read, making it synchronous would allow you to take advantage of available block RAM resources, for optimized device usage and improved timings. Please refer to your documentation for coding guidelines.
    -----------------------------------------------------------------------
    | ram_type           | Distributed                         |          |
    -----------------------------------------------------------------------
    | Port A                                                              |
    |     aspect ratio   | 4-word x 4-bit                      |          |
    |     weA            | connected to signal <GND>           | high     |
    |     addrA          | connected to signal <Scan>          |          |
    |     diA            | connected to signal <GND>           |          |
    |     doA            | connected to signal <AN>            |          |
    -----------------------------------------------------------------------
Unit <DisplaySync> synthesized (advanced).

Synthesizing (advanced) Unit <clkdiv>.
The following registers are absorbed into counter <clkdiv>: 1 register on signal <clkdiv>.
Unit <clkdiv> synthesized (advanced).

=========================================================================
Advanced HDL Synthesis Report

Macro Statistics
# RAMs                                                 : 1
 4x4-bit single-port distributed Read Only RAM         : 1
# Counters                                             : 5
 32-bit up counter                                     : 1
 4-bit up counter                                      : 4
# Multiplexers                                         : 4
 1-bit 4-to-1 multiplexer                              : 2
 4-bit 4-to-1 multiplexer                              : 1
 7-bit 2-to-1 multiplexer                              : 1

=========================================================================

=========================================================================
*                         Low Level Synthesis                           *
=========================================================================
WARNING:Xst:2677 - Node <d0/a0/clkdiv_19> of sequential type is unconnected in block <top>.
WARNING:Xst:2677 - Node <d0/a0/clkdiv_20> of sequential type is unconnected in block <top>.
WARNING:Xst:2677 - Node <d0/a0/clkdiv_21> of sequential type is unconnected in block <top>.
WARNING:Xst:2677 - Node <d0/a0/clkdiv_22> of sequential type is unconnected in block <top>.
WARNING:Xst:2677 - Node <d0/a0/clkdiv_23> of sequential type is unconnected in block <top>.
WARNING:Xst:2677 - Node <d0/a0/clkdiv_24> of sequential type is unconnected in block <top>.
WARNING:Xst:2677 - Node <d0/a0/clkdiv_25> of sequential type is unconnected in block <top>.
WARNING:Xst:2677 - Node <d0/a0/clkdiv_26> of sequential type is unconnected in block <top>.
WARNING:Xst:2677 - Node <d0/a0/clkdiv_27> of sequential type is unconnected in block <top>.
WARNING:Xst:2677 - Node <d0/a0/clkdiv_28> of sequential type is unconnected in block <top>.
WARNING:Xst:2677 - Node <d0/a0/clkdiv_29> of sequential type is unconnected in block <top>.
WARNING:Xst:2677 - Node <d0/a0/clkdiv_30> of sequential type is unconnected in block <top>.
WARNING:Xst:2677 - Node <d0/a0/clkdiv_31> of sequential type is unconnected in block <top>.

Optimizing unit <top> ...

Mapping all equations...
Building and optimizing final netlist ...
Found area constraint ratio of 100 (+ 5) on block top, actual ratio is 0.

Final Macro Processing ...

=========================================================================
Final Register Report

Macro Statistics
# Registers                                            : 35
 Flip-Flops                                            : 35

=========================================================================

=========================================================================
*                           Partition Report                            *
=========================================================================

Partition Implementation Status
-------------------------------

  No Partitions were found in this design.

-------------------------------

=========================================================================
*                            Design Summary                             *
=========================================================================

Top Level Output File Name         : top.ngc

Primitive and Black Box Usage:
------------------------------
# BELS                             : 91
#      GND                         : 1
#      INV                         : 5
#      LUT1                        : 18
#      LUT2                        : 8
#      LUT3                        : 4
#      LUT4                        : 4
#      LUT5                        : 7
#      LUT6                        : 6
#      MUXCY                       : 18
#      VCC                         : 1
#      XORCY                       : 19
# FlipFlops/Latches                : 35
#      FD                          : 35
# Clock Buffers                    : 5
#      BUFGP                       : 5
# IO Buffers                       : 20
#      IBUF                        : 8
#      OBUF                        : 12

Device utilization summary:
---------------------------

Selected Device : 7k160tffg676-1 


Slice Logic Utilization: 
 Number of Slice Registers:              35  out of  202800     0%  
 Number of Slice LUTs:                   52  out of  101400     0%  
    Number used as Logic:                52  out of  101400     0%  

Slice Logic Distribution: 
 Number of LUT Flip Flop pairs used:     52
   Number with an unused Flip Flop:      17  out of     52    32%  
   Number with an unused LUT:             0  out of     52     0%  
   Number of fully used LUT-FF pairs:    35  out of     52    67%  
   Number of unique control sets:         5

IO Utilization: 
 Number of IOs:                          25
 Number of bonded IOBs:                  25  out of    400     6%  

Specific Feature Utilization:
 Number of BUFG/BUFGCTRLs:                5  out of     32    15%  

---------------------------
Partition Resource Summary:
---------------------------

  No Partitions were found in this design.

---------------------------


=========================================================================
Timing Report

NOTE: THESE TIMING NUMBERS ARE ONLY A SYNTHESIS ESTIMATE.
      FOR ACCURATE TIMING INFORMATION PLEASE REFER TO THE TRACE REPORT
      GENERATED AFTER PLACE-and-ROUTE.

Clock Information:
------------------
-----------------------------------+------------------------+-------+
Clock Signal                       | Clock buffer(FF name)  | Load  |
-----------------------------------+------------------------+-------+
btn<2>                             | BUFGP                  | 4     |
btn<0>                             | BUFGP                  | 4     |
btn<1>                             | BUFGP                  | 4     |
btn<3>                             | BUFGP                  | 4     |
clk                                | BUFGP                  | 19    |
-----------------------------------+------------------------+-------+

Asynchronous Control Signals Information:
----------------------------------------
No asynchronous control signals found in this design

Timing Summary:
---------------
Speed Grade: -1

   Minimum period: 1.625ns (Maximum Frequency: 615.385MHz)
   Minimum input arrival time before clock: No path found
   Maximum output required time after clock: 2.357ns
   Maximum combinational path delay: 1.905ns

Timing Details:
---------------
All values displayed in nanoseconds (ns)

=========================================================================
Timing constraint: Default period analysis for Clock 'btn<2>'
  Clock period: 1.185ns (frequency: 843.882MHz)
  Total number of paths / destination ports: 10 / 4
-------------------------------------------------------------------------
Delay:               1.185ns (Levels of Logic = 1)
  Source:            c0/num<4>_num<5>_num<6>_num<7>_3 (FF)
  Destination:       c0/num<4>_num<5>_num<6>_num<7>_3 (FF)
  Source Clock:      btn<2> rising
  Destination Clock: btn<2> rising

  Data Path: c0/num<4>_num<5>_num<6>_num<7>_3 to c0/num<4>_num<5>_num<6>_num<7>_3
                                Gate     Net
    Cell:in->out      fanout   Delay   Delay  Logical Name (Net Name)
    ----------------------------------------  ------------
     FD:C->Q               5   0.282   0.426  c0/num<4>_num<5>_num<6>_num<7>_3 (c0/num<4>_num<5>_num<6>_num<7>_3)
     INV:I->O              1   0.067   0.399  c0/Mcount_num<4>_num<5>_num<6>_num<7>_xor<0>11_INV_0 (Result<0>)
     FD:D                      0.011          c0/num<4>_num<5>_num<6>_num<7>_3
    ----------------------------------------
    Total                      1.185ns (0.360ns logic, 0.825ns route)
                                       (30.4% logic, 69.6% route)

=========================================================================
Timing constraint: Default period analysis for Clock 'btn<0>'
  Clock period: 1.185ns (frequency: 843.882MHz)
  Total number of paths / destination ports: 10 / 4
-------------------------------------------------------------------------
Delay:               1.185ns (Levels of Logic = 1)
  Source:            c0/num<12>_num<13>_num<14>_num<15>_3 (FF)
  Destination:       c0/num<12>_num<13>_num<14>_num<15>_3 (FF)
  Source Clock:      btn<0> rising
  Destination Clock: btn<0> rising

  Data Path: c0/num<12>_num<13>_num<14>_num<15>_3 to c0/num<12>_num<13>_num<14>_num<15>_3
                                Gate     Net
    Cell:in->out      fanout   Delay   Delay  Logical Name (Net Name)
    ----------------------------------------  ------------
     FD:C->Q               5   0.282   0.426  c0/num<12>_num<13>_num<14>_num<15>_3 (c0/num<12>_num<13>_num<14>_num<15>_3)
     INV:I->O              1   0.067   0.399  c0/Mcount_num<12>_num<13>_num<14>_num<15>_xor<0>11_INV_0 (Result<0>1)
     FD:D                      0.011          c0/num<12>_num<13>_num<14>_num<15>_3
    ----------------------------------------
    Total                      1.185ns (0.360ns logic, 0.825ns route)
                                       (30.4% logic, 69.6% route)

=========================================================================
Timing constraint: Default period analysis for Clock 'btn<1>'
  Clock period: 1.185ns (frequency: 843.882MHz)
  Total number of paths / destination ports: 10 / 4
-------------------------------------------------------------------------
Delay:               1.185ns (Levels of Logic = 1)
  Source:            c0/num<8>_num<9>_num<10>_num<11>_3 (FF)
  Destination:       c0/num<8>_num<9>_num<10>_num<11>_3 (FF)
  Source Clock:      btn<1> rising
  Destination Clock: btn<1> rising

  Data Path: c0/num<8>_num<9>_num<10>_num<11>_3 to c0/num<8>_num<9>_num<10>_num<11>_3
                                Gate     Net
    Cell:in->out      fanout   Delay   Delay  Logical Name (Net Name)
    ----------------------------------------  ------------
     FD:C->Q               5   0.282   0.426  c0/num<8>_num<9>_num<10>_num<11>_3 (c0/num<8>_num<9>_num<10>_num<11>_3)
     INV:I->O              1   0.067   0.399  c0/Mcount_num<8>_num<9>_num<10>_num<11>_xor<0>11_INV_0 (Result<0>2)
     FD:D                      0.011          c0/num<8>_num<9>_num<10>_num<11>_3
    ----------------------------------------
    Total                      1.185ns (0.360ns logic, 0.825ns route)
                                       (30.4% logic, 69.6% route)

=========================================================================
Timing constraint: Default period analysis for Clock 'btn<3>'
  Clock period: 1.185ns (frequency: 843.882MHz)
  Total number of paths / destination ports: 10 / 4
-------------------------------------------------------------------------
Delay:               1.185ns (Levels of Logic = 1)
  Source:            c0/num<3:0>_3 (FF)
  Destination:       c0/num<3:0>_3 (FF)
  Source Clock:      btn<3> rising
  Destination Clock: btn<3> rising

  Data Path: c0/num<3:0>_3 to c0/num<3:0>_3
                                Gate     Net
    Cell:in->out      fanout   Delay   Delay  Logical Name (Net Name)
    ----------------------------------------  ------------
     FD:C->Q               5   0.282   0.426  c0/num<3:0>_3 (c0/num<3:0>_3)
     INV:I->O              1   0.067   0.399  c0/Mcount_num<3:0>_xor<0>11_INV_0 (Result<0>3)
     FD:D                      0.011          c0/num<3:0>_3
    ----------------------------------------
    Total                      1.185ns (0.360ns logic, 0.825ns route)
                                       (30.4% logic, 69.6% route)

=========================================================================
Timing constraint: Default period analysis for Clock 'clk'
  Clock period: 1.625ns (frequency: 615.385MHz)
  Total number of paths / destination ports: 190 / 19
-------------------------------------------------------------------------
Delay:               1.625ns (Levels of Logic = 20)
  Source:            d0/a0/clkdiv_0 (FF)
  Destination:       d0/a0/clkdiv_18 (FF)
  Source Clock:      clk rising
  Destination Clock: clk rising

  Data Path: d0/a0/clkdiv_0 to d0/a0/clkdiv_18
                                Gate     Net
    Cell:in->out      fanout   Delay   Delay  Logical Name (Net Name)
    ----------------------------------------  ------------
     FD:C->Q               1   0.282   0.399  d0/a0/clkdiv_0 (d0/a0/clkdiv_0)
     INV:I->O              1   0.067   0.000  d0/a0/Mcount_clkdiv_lut<0>_INV_0 (d0/a0/Mcount_clkdiv_lut<0>)
     MUXCY:S->O            1   0.291   0.000  d0/a0/Mcount_clkdiv_cy<0> (d0/a0/Mcount_clkdiv_cy<0>)
     MUXCY:CI->O           1   0.015   0.000  d0/a0/Mcount_clkdiv_cy<1> (d0/a0/Mcount_clkdiv_cy<1>)
     MUXCY:CI->O           1   0.015   0.000  d0/a0/Mcount_clkdiv_cy<2> (d0/a0/Mcount_clkdiv_cy<2>)
     MUXCY:CI->O           1   0.015   0.000  d0/a0/Mcount_clkdiv_cy<3> (d0/a0/Mcount_clkdiv_cy<3>)
     MUXCY:CI->O           1   0.015   0.000  d0/a0/Mcount_clkdiv_cy<4> (d0/a0/Mcount_clkdiv_cy<4>)
     MUXCY:CI->O           1   0.015   0.000  d0/a0/Mcount_clkdiv_cy<5> (d0/a0/Mcount_clkdiv_cy<5>)
     MUXCY:CI->O           1   0.015   0.000  d0/a0/Mcount_clkdiv_cy<6> (d0/a0/Mcount_clkdiv_cy<6>)
     MUXCY:CI->O           1   0.015   0.000  d0/a0/Mcount_clkdiv_cy<7> (d0/a0/Mcount_clkdiv_cy<7>)
     MUXCY:CI->O           1   0.015   0.000  d0/a0/Mcount_clkdiv_cy<8> (d0/a0/Mcount_clkdiv_cy<8>)
     MUXCY:CI->O           1   0.015   0.000  d0/a0/Mcount_clkdiv_cy<9> (d0/a0/Mcount_clkdiv_cy<9>)
     MUXCY:CI->O           1   0.015   0.000  d0/a0/Mcount_clkdiv_cy<10> (d0/a0/Mcount_clkdiv_cy<10>)
     MUXCY:CI->O           1   0.015   0.000  d0/a0/Mcount_clkdiv_cy<11> (d0/a0/Mcount_clkdiv_cy<11>)
     MUXCY:CI->O           1   0.015   0.000  d0/a0/Mcount_clkdiv_cy<12> (d0/a0/Mcount_clkdiv_cy<12>)
     MUXCY:CI->O           1   0.015   0.000  d0/a0/Mcount_clkdiv_cy<13> (d0/a0/Mcount_clkdiv_cy<13>)
     MUXCY:CI->O           1   0.015   0.000  d0/a0/Mcount_clkdiv_cy<14> (d0/a0/Mcount_clkdiv_cy<14>)
     MUXCY:CI->O           1   0.015   0.000  d0/a0/Mcount_clkdiv_cy<15> (d0/a0/Mcount_clkdiv_cy<15>)
     MUXCY:CI->O           1   0.015   0.000  d0/a0/Mcount_clkdiv_cy<16> (d0/a0/Mcount_clkdiv_cy<16>)
     MUXCY:CI->O           0   0.015   0.000  d0/a0/Mcount_clkdiv_cy<17> (d0/a0/Mcount_clkdiv_cy<17>)
     XORCY:CI->O           1   0.320   0.000  d0/a0/Mcount_clkdiv_xor<18> (Result<18>)
     FD:D                      0.011          d0/a0/clkdiv_18
    ----------------------------------------
    Total                      1.625ns (1.226ns logic, 0.399ns route)
                                       (75.4% logic, 24.6% route)

=========================================================================
Timing constraint: Default OFFSET OUT AFTER for Clock 'clk'
  Total number of paths / destination ports: 80 / 12
-------------------------------------------------------------------------
Offset:              2.357ns (Levels of Logic = 3)
  Source:            d0/a0/clkdiv_17 (FF)
  Destination:       SEGMENT<6> (PAD)
  Source Clock:      clk rising

  Data Path: d0/a0/clkdiv_17 to SEGMENT<6>
                                Gate     Net
    Cell:in->out      fanout   Delay   Delay  Logical Name (Net Name)
    ----------------------------------------  ------------
     FD:C->Q              11   0.282   0.805  d0/a0/clkdiv_17 (d0/a0/clkdiv_17)
     LUT6:I0->O            7   0.053   0.765  d0/b0/Mmux_Hex11 (d0/DD<0>)
     LUT5:I0->O            1   0.053   0.399  d0/c0/Mmux_LED31 (SEGMENT_4_OBUF)
     OBUF:I->O                 0.000          SEGMENT_4_OBUF (SEGMENT<4>)
    ----------------------------------------
    Total                      2.357ns (0.388ns logic, 1.969ns route)
                                       (16.5% logic, 83.5% route)

=========================================================================
Timing constraint: Default OFFSET OUT AFTER for Clock 'btn<2>'
  Total number of paths / destination ports: 28 / 7
-------------------------------------------------------------------------
Offset:              2.214ns (Levels of Logic = 3)
  Source:            c0/num<4>_num<5>_num<6>_num<7>_3 (FF)
  Destination:       SEGMENT<5> (PAD)
  Source Clock:      btn<2> rising

  Data Path: c0/num<4>_num<5>_num<6>_num<7>_3 to SEGMENT<5>
                                Gate     Net
    Cell:in->out      fanout   Delay   Delay  Logical Name (Net Name)
    ----------------------------------------  ------------
     FD:C->Q               5   0.282   0.662  c0/num<4>_num<5>_num<6>_num<7>_3 (c0/num<4>_num<5>_num<6>_num<7>_3)
     LUT6:I2->O            7   0.053   0.765  d0/b0/Mmux_Hex11 (d0/DD<0>)
     LUT5:I0->O            1   0.053   0.399  d0/c0/Mmux_LED31 (SEGMENT_4_OBUF)
     OBUF:I->O                 0.000          SEGMENT_4_OBUF (SEGMENT<4>)
    ----------------------------------------
    Total                      2.214ns (0.388ns logic, 1.826ns route)
                                       (17.5% logic, 82.5% route)

=========================================================================
Timing constraint: Default OFFSET OUT AFTER for Clock 'btn<0>'
  Total number of paths / destination ports: 28 / 7
-------------------------------------------------------------------------
Offset:              2.181ns (Levels of Logic = 3)
  Source:            c0/num<12>_num<13>_num<14>_num<15>_3 (FF)
  Destination:       SEGMENT<5> (PAD)
  Source Clock:      btn<0> rising

  Data Path: c0/num<12>_num<13>_num<14>_num<15>_3 to SEGMENT<5>
                                Gate     Net
    Cell:in->out      fanout   Delay   Delay  Logical Name (Net Name)
    ----------------------------------------  ------------
     FD:C->Q               5   0.282   0.629  c0/num<12>_num<13>_num<14>_num<15>_3 (c0/num<12>_num<13>_num<14>_num<15>_3)
     LUT6:I3->O            7   0.053   0.765  d0/b0/Mmux_Hex11 (d0/DD<0>)
     LUT5:I0->O            1   0.053   0.399  d0/c0/Mmux_LED31 (SEGMENT_4_OBUF)
     OBUF:I->O                 0.000          SEGMENT_4_OBUF (SEGMENT<4>)
    ----------------------------------------
    Total                      2.181ns (0.388ns logic, 1.793ns route)
                                       (17.8% logic, 82.2% route)

=========================================================================
Timing constraint: Default OFFSET OUT AFTER for Clock 'btn<1>'
  Total number of paths / destination ports: 28 / 7
-------------------------------------------------------------------------
Offset:              2.064ns (Levels of Logic = 3)
  Source:            c0/num<8>_num<9>_num<10>_num<11>_3 (FF)
  Destination:       SEGMENT<5> (PAD)
  Source Clock:      btn<1> rising

  Data Path: c0/num<8>_num<9>_num<10>_num<11>_3 to SEGMENT<5>
                                Gate     Net
    Cell:in->out      fanout   Delay   Delay  Logical Name (Net Name)
    ----------------------------------------  ------------
     FD:C->Q               5   0.282   0.512  c0/num<8>_num<9>_num<10>_num<11>_3 (c0/num<8>_num<9>_num<10>_num<11>_3)
     LUT6:I4->O            7   0.053   0.765  d0/b0/Mmux_Hex11 (d0/DD<0>)
     LUT5:I0->O            1   0.053   0.399  d0/c0/Mmux_LED31 (SEGMENT_4_OBUF)
     OBUF:I->O                 0.000          SEGMENT_4_OBUF (SEGMENT<4>)
    ----------------------------------------
    Total                      2.064ns (0.388ns logic, 1.676ns route)
                                       (18.8% logic, 81.2% route)

=========================================================================
Timing constraint: Default OFFSET OUT AFTER for Clock 'btn<3>'
  Total number of paths / destination ports: 28 / 7
-------------------------------------------------------------------------
Offset:              1.992ns (Levels of Logic = 3)
  Source:            c0/num<3:0>_3 (FF)
  Destination:       SEGMENT<5> (PAD)
  Source Clock:      btn<3> rising

  Data Path: c0/num<3:0>_3 to SEGMENT<5>
                                Gate     Net
    Cell:in->out      fanout   Delay   Delay  Logical Name (Net Name)
    ----------------------------------------  ------------
     FD:C->Q               5   0.282   0.440  c0/num<3:0>_3 (c0/num<3:0>_3)
     LUT6:I5->O            7   0.053   0.765  d0/b0/Mmux_Hex11 (d0/DD<0>)
     LUT5:I0->O            1   0.053   0.399  d0/c0/Mmux_LED31 (SEGMENT_4_OBUF)
     OBUF:I->O                 0.000          SEGMENT_4_OBUF (SEGMENT<4>)
    ----------------------------------------
    Total                      1.992ns (0.388ns logic, 1.604ns route)
                                       (19.5% logic, 80.5% route)

=========================================================================
Timing constraint: Default path analysis
  Total number of paths / destination ports: 32 / 8
-------------------------------------------------------------------------
Delay:               1.905ns (Levels of Logic = 4)
  Source:            SW<5> (PAD)
  Destination:       SEGMENT<2> (PAD)

  Data Path: SW<5> to SEGMENT<2>
                                Gate     Net
    Cell:in->out      fanout   Delay   Delay  Logical Name (Net Name)
    ----------------------------------------  ------------
     IBUF:I->O             1   0.000   0.635  SW_5_IBUF (SW_5_IBUF)
     LUT6:I2->O            7   0.053   0.765  d0/b0/Mmux_LE11 (d0/LLE)
     LUT5:I0->O            1   0.053   0.399  d0/c0/Mmux_LED51 (SEGMENT_2_OBUF)
     OBUF:I->O                 0.000          SEGMENT_2_OBUF (SEGMENT<2>)
    ----------------------------------------
    Total                      1.905ns (0.106ns logic, 1.799ns route)
                                       (5.6% logic, 94.4% route)

=========================================================================

Cross Clock Domains Report:
--------------------------

Clock to Setup on destination clock btn<0>
---------------+---------+---------+---------+---------+
               | Src:Rise| Src:Fall| Src:Rise| Src:Fall|
Source Clock   |Dest:Rise|Dest:Rise|Dest:Fall|Dest:Fall|
---------------+---------+---------+---------+---------+
btn<0>         |    1.185|         |         |         |
---------------+---------+---------+---------+---------+

Clock to Setup on destination clock btn<1>
---------------+---------+---------+---------+---------+
               | Src:Rise| Src:Fall| Src:Rise| Src:Fall|
Source Clock   |Dest:Rise|Dest:Rise|Dest:Fall|Dest:Fall|
---------------+---------+---------+---------+---------+
btn<1>         |    1.185|         |         |         |
---------------+---------+---------+---------+---------+

Clock to Setup on destination clock btn<2>
---------------+---------+---------+---------+---------+
               | Src:Rise| Src:Fall| Src:Rise| Src:Fall|
Source Clock   |Dest:Rise|Dest:Rise|Dest:Fall|Dest:Fall|
---------------+---------+---------+---------+---------+
btn<2>         |    1.185|         |         |         |
---------------+---------+---------+---------+---------+

Clock to Setup on destination clock btn<3>
---------------+---------+---------+---------+---------+
               | Src:Rise| Src:Fall| Src:Rise| Src:Fall|
Source Clock   |Dest:Rise|Dest:Rise|Dest:Fall|Dest:Fall|
---------------+---------+---------+---------+---------+
btn<3>         |    1.185|         |         |         |
---------------+---------+---------+---------+---------+

Clock to Setup on destination clock clk
---------------+---------+---------+---------+---------+
               | Src:Rise| Src:Fall| Src:Rise| Src:Fall|
Source Clock   |Dest:Rise|Dest:Rise|Dest:Fall|Dest:Fall|
---------------+---------+---------+---------+---------+
clk            |    1.625|         |         |         |
---------------+---------+---------+---------+---------+

=========================================================================


Total REAL time to Xst completion: 5.00 secs
Total CPU time to Xst completion: 5.07 secs
 
--> 

Total memory usage is 4620124 kilobytes

Number of errors   :    0 (   0 filtered)
Number of warnings :   13 (   0 filtered)
Number of infos    :    1 (   0 filtered)

