--------------------------------------------------------------------------------
Release 14.7 Trace  (nt64)
Copyright (c) 1995-2013 Xilinx, Inc.  All rights reserved.

E:\ISE\14.7\ISE_DS\ISE\bin\nt64\unwrapped\trce.exe -intstyle ise -v 3 -s 1 -n 3
-fastpaths -xml DispNumber.twx DispNumber.ncd -o DispNumber.twr DispNumber.pcf
-ucf k7.ucf

Design file:              DispNumber.ncd
Physical constraint file: DispNumber.pcf
Device,package,speed:     xc7k160t,ffg676,C,-1 (PRODUCTION 1.10 2013-10-13)
Report level:             verbose report

Environment Variable      Effect 
--------------------      ------ 
NONE                      No environment variables were set
--------------------------------------------------------------------------------

INFO:Timing:2698 - No timing constraints found, doing default enumeration.
INFO:Timing:3412 - To improve timing, see the Timing Closure User Guide (UG612).
INFO:Timing:2752 - To get complete path coverage, use the unconstrained paths 
   option. All paths that are not constrained will be reported in the 
   unconstrained paths section(s) of the report.
INFO:Timing:3339 - The clock-to-out numbers in this timing report are based on 
   a 50 Ohm transmission line loading model.  For the details of this model, 
   and for more information on accounting for different loading conditions, 
   please see the device datasheet.



Data Sheet report:
-----------------
All values displayed in nanoseconds (ns)

Pad to Pad
---------------+---------------+---------+
Source Pad     |Destination Pad|  Delay  |
---------------+---------------+---------+
LE             |SEGMENT<0>     |    9.800|
LE             |SEGMENT<1>     |    9.002|
LE             |SEGMENT<2>     |    9.389|
LE             |SEGMENT<3>     |    9.499|
LE             |SEGMENT<4>     |    9.271|
LE             |SEGMENT<5>     |    9.462|
LE             |SEGMENT<6>     |    9.647|
SW<0>          |SEGMENT<0>     |   10.466|
SW<0>          |SEGMENT<1>     |    9.964|
SW<0>          |SEGMENT<2>     |    9.923|
SW<0>          |SEGMENT<3>     |   10.167|
SW<0>          |SEGMENT<4>     |    9.800|
SW<0>          |SEGMENT<5>     |    9.993|
SW<0>          |SEGMENT<6>     |   10.174|
SW<1>          |SEGMENT<0>     |   10.421|
SW<1>          |SEGMENT<1>     |    9.800|
SW<1>          |SEGMENT<2>     |    9.733|
SW<1>          |SEGMENT<3>     |   10.119|
SW<1>          |SEGMENT<4>     |    9.606|
SW<1>          |SEGMENT<5>     |    9.805|
SW<1>          |SEGMENT<6>     |    9.981|
SW<2>          |SEGMENT<0>     |   10.553|
SW<2>          |SEGMENT<1>     |    9.813|
SW<2>          |SEGMENT<2>     |   10.004|
SW<2>          |SEGMENT<3>     |   10.250|
SW<2>          |SEGMENT<4>     |    9.879|
SW<2>          |SEGMENT<5>     |   10.078|
SW<2>          |SEGMENT<6>     |   10.255|
SW<3>          |SEGMENT<0>     |   10.061|
SW<3>          |SEGMENT<1>     |    9.534|
SW<3>          |SEGMENT<2>     |    9.508|
SW<3>          |SEGMENT<3>     |    9.751|
SW<3>          |SEGMENT<4>     |    9.390|
SW<3>          |SEGMENT<5>     |    9.589|
SW<3>          |SEGMENT<6>     |    9.772|
SW<4>          |AN<0>          |    8.605|
SW<5>          |AN<1>          |    8.593|
SW<6>          |AN<2>          |    8.581|
SW<7>          |AN<3>          |    8.547|
point          |SEGMENT<7>     |    8.392|
---------------+---------------+---------+


Analysis completed Tue Nov 08 16:19:30 2022 
--------------------------------------------------------------------------------

Trace Settings:
-------------------------
Trace Settings 

Peak Memory Usage: 5101 MB



