\BOOKMARK [1][-]{section.1}{\376\377\137\025\212\000}{}% 1
\BOOKMARK [2][-]{subsection.1.1}{\376\377\177\026\121\231\166\356\166\204}{section.1}% 2
\BOOKMARK [2][-]{subsection.1.2}{\376\377\230\171\166\356\143\317\217\360}{section.1}% 3
\BOOKMARK [2][-]{subsection.1.3}{\376\377\122\237\200\375\227\000\154\102}{section.1}% 4
\BOOKMARK [1][-]{section.2}{\376\377\174\373\176\337\120\107\213\276}{}% 5
\BOOKMARK [1][-]{section.3}{\376\377\174\373\176\337\117\123\174\373\122\006\147\220}{}% 6
\BOOKMARK [2][-]{subsection.3.1}{\376\377\116\345\145\160\143\156\116\072\116\055\137\303\166\204\117\123\174\373\176\323\147\204}{section.3}% 7
\BOOKMARK [2][-]{subsection.3.2}{\376\377\145\160\143\156\155\101\117\123\174\373\176\323\147\204}{section.3}% 8
\BOOKMARK [2][-]{subsection.3.3}{\376\377\214\003\165\050\124\214\217\324\126\336\117\123\174\373\176\323\147\204}{section.3}% 9
\BOOKMARK [2][-]{subsection.3.4}{\376\377\227\142\124\021\133\371\214\141\117\123\174\373\176\323\147\204}{section.3}% 10
\BOOKMARK [2][-]{subsection.3.5}{\376\377\133\242\142\067\172\357\000-\147\015\122\241\126\150\147\266\147\204}{section.3}% 11
\BOOKMARK [2][-]{subsection.3.6}{\376\377\155\117\211\310\126\150\000-\147\015\122\241\126\150\147\266\147\204}{section.3}% 12
\BOOKMARK [2][-]{subsection.3.7}{\376\377\137\256\147\015\122\241\147\266\147\204}{section.3}% 13
\BOOKMARK [2][-]{subsection.3.8}{\376\377\116\213\116\366\232\161\122\250\147\266\147\204}{section.3}% 14
\BOOKMARK [2][-]{subsection.3.9}{\376\377\147\054\153\041\213\276\213\241\221\307\165\050\166\204\117\123\174\373\176\323\147\204\230\316\150\074}{section.3}% 15
\BOOKMARK [1][-]{section.4}{\376\377\145\160\143\156\172\357\116\016\147\015\122\241\143\245\123\343}{}% 16
\BOOKMARK [2][-]{subsection.4.1}{\376\377\147\015\122\241\172\357\000U\000I\213\276\213\241}{section.4}% 17
\BOOKMARK [2][-]{subsection.4.2}{\376\377\147\015\122\241\122\237\200\375\213\276\213\241}{section.4}% 18
\BOOKMARK [3][-]{subsubsection.4.2.1}{\376\377\165\050\142\067\154\350\121\214\116\016\166\173\137\125\147\072\122\066}{subsection.4.2}% 19
\BOOKMARK [3][-]{subsubsection.4.2.2}{\376\377\116\052\116\272\123\073\165\227\117\341\140\157\173\241\164\006}{subsection.4.2}% 20
\BOOKMARK [3][-]{subsubsection.4.2.3}{\376\377\116\272\135\345\146\172\200\375\165\305\140\305\124\250\213\342\147\015\122\241}{subsection.4.2}% 21
\BOOKMARK [3][-]{subsubsection.4.2.4}{\376\377\171\321\133\244\116\016\116\023\116\032\230\206\127\337\116\313\176\315}{subsection.4.2}% 22
\BOOKMARK [3][-]{subsubsection.4.2.5}{\376\377\123\073\165\037\230\204\176\246\145\366\153\265\220\011\142\351}{subsection.4.2}% 23
\BOOKMARK [3][-]{subsubsection.4.2.6}{\376\377\123\073\165\037\220\011\142\351\116\016\230\204\176\246\170\156\213\244}{subsection.4.2}% 24
\BOOKMARK [3][-]{subsubsection.4.2.7}{\376\377\123\073\165\037\220\011\142\351\116\016\230\204\176\246\170\156\213\244}{subsection.4.2}% 25
\BOOKMARK [3][-]{subsubsection.4.2.8}{\376\377\123\073\165\227\215\071\165\050\215\046\123\125\173\241\164\006}{subsection.4.2}% 26
\BOOKMARK [3][-]{subsubsection.4.2.9}{\376\377\177\064\215\071\116\016\220\000\215\071\155\101\172\013}{subsection.4.2}% 27
\BOOKMARK [3][-]{subsubsection.4.2.10}{\376\377\165\065\133\120\131\004\145\271\147\345\213\342}{subsection.4.2}% 28
\BOOKMARK [3][-]{subsubsection.4.2.11}{\376\377\165\065\133\120\165\305\123\206\144\034\175\042\116\016\213\277\225\356}{subsection.4.2}% 29
\BOOKMARK [3][-]{subsubsection.4.2.12}{\376\377\230\204\176\246\143\002\123\367\116\016\225\356\213\312\147\015\122\241}{subsection.4.2}% 30
\BOOKMARK [3][-]{subsubsection.4.2.13}{\376\377\145\366\153\265\160\165\155\073\140\047\116\016\116\052\140\047\123\026\230\204\176\246}{subsection.4.2}% 31
\BOOKMARK [3][-]{subsubsection.4.2.14}{\376\377\165\065\133\120\225\356\213\312\123\125\116\016\124\016\176\355\215\337\217\333}{subsection.4.2}% 32
\BOOKMARK [3][-]{subsubsection.4.2.15}{\376\377\123\073\165\227\147\015\122\241\213\304\116\367\117\123\174\373\123\302\116\016}{subsection.4.2}% 33
\BOOKMARK [3][-]{subsubsection.4.2.16}{\376\377\131\004\145\271\116\016\165\305\123\206\166\204\176\374\124\010\147\345\213\342}{subsection.4.2}% 34
\BOOKMARK [2][-]{subsection.4.3}{\376\377\162\266\140\001\126\376}{section.4}% 35
\BOOKMARK [2][-]{subsection.4.4}{\376\377\174\173\126\376}{section.4}% 36
\BOOKMARK [3][-]{subsubsection.4.4.1}{\376\377\165\050\142\067\174\173\126\376}{subsection.4.4}% 37
\BOOKMARK [3][-]{subsubsection.4.4.2}{\376\377\230\204\176\246\116\016\225\356\213\312\147\015\122\241\174\173\126\376}{subsection.4.4}% 38
\BOOKMARK [3][-]{subsubsection.4.4.3}{\376\377\123\073\165\227\147\015\122\241\213\304\116\367\117\123\174\373\174\173\126\376}{subsection.4.4}% 39
\BOOKMARK [3][-]{subsubsection.4.4.4}{\376\377\174\173\377\032\146\156\220\032\165\050\142\067\377\010\000O\000r\000d\000i\000n\000a\000r\000y\000\040\000U\000s\000e\000r\000s\377\011}{subsection.4.4}% 40
\BOOKMARK [3][-]{subsubsection.4.4.5}{\376\377\174\173\377\032\165\050\142\067\166\173\137\125\377\010\000U\000s\000e\000r\000\040\000L\000o\000g\000i\000n\377\011}{subsection.4.4}% 41
\BOOKMARK [3][-]{subsubsection.4.4.6}{\376\377\174\173\377\032\116\076\143\252\117\341\140\157\377\010\000M\000e\000a\000s\000u\000r\000e\000\040\000I\000n\000f\000o\000r\000m\000a\000t\000i\000o\000n\377\011}{subsection.4.4}% 42
\BOOKMARK [3][-]{subsubsection.4.4.7}{\376\377\174\173\377\032\213\272\127\133\377\010\000F\000o\000r\000u\000m\377\011}{subsection.4.4}% 43
\BOOKMARK [3][-]{subsubsection.4.4.8}{\376\377\174\173\377\032\123\073\226\142\117\341\140\157\377\010\000H\000o\000s\000p\000i\000t\000a\000l\000\040\000I\000n\000f\000o\000r\000m\000a\000t\000i\000o\000n\377\011}{subsection.4.4}% 44
\BOOKMARK [3][-]{subsubsection.4.4.9}{\376\377\174\173\377\032\230\204\176\246\174\373\176\337\377\010\000A\000p\000p\000o\000i\000n\000t\000m\000e\000n\000t\000\040\000S\000y\000s\000t\000e\000m\377\011}{subsection.4.4}% 45
\BOOKMARK [3][-]{subsubsection.4.4.10}{\376\377\174\173\377\032\211\306\230\221\117\032\213\312\377\010\000V\000i\000d\000e\000o\000\040\000C\000o\000n\000s\000u\000l\000t\000a\000t\000i\000o\000n\377\011}{subsection.4.4}% 46
\BOOKMARK [3][-]{subsubsection.4.4.11}{\376\377\174\173\377\032\000A\000I\123\073\165\037\377\010\000A\000I\000\040\000D\000o\000c\000t\000o\000r\000\051}{subsection.4.4}% 47
\BOOKMARK [3][-]{subsubsection.4.4.12}{\376\377\174\173\377\032\211\306\230\221\117\032\213\312\377\010\000V\000i\000d\000e\000o\000\040\000C\000o\000n\000s\000u\000l\000t\000a\000t\000i\000o\000n\000\051}{subsection.4.4}% 48
\BOOKMARK [3][-]{subsubsection.4.4.13}{\376\377\174\173\377\032\173\241\164\006\124\130\377\010\000A\000d\000m\000i\000n\000\051}{subsection.4.4}% 49
\BOOKMARK [3][-]{subsubsection.4.4.14}{\376\377\174\173\377\032\123\073\165\037\377\010\000D\000o\000c\000t\000o\000r\000\051}{subsection.4.4}% 50
\BOOKMARK [3][-]{subsubsection.4.4.15}{\376\377\174\173\377\032\215\046\123\125\173\241\164\006\377\010\000B\000i\000l\000l\000i\000n\000g\000\040\000M\000a\000n\000a\000g\000e\000m\000e\000n\000t\377\011}{subsection.4.4}% 51
\BOOKMARK [3][-]{subsubsection.4.4.16}{\376\377\174\173\377\032\131\004\145\271\173\241\164\006\377\010\000P\000r\000e\000s\000c\000r\000i\000p\000t\000i\000o\000n\000\040\000M\000a\000n\000a\000g\000e\000m\000e\000n\000t\377\011}{subsection.4.4}% 52
\BOOKMARK [3][-]{subsubsection.4.4.17}{\376\377\174\173\377\032\120\145\136\267\150\143\150\110\173\241\164\006\377\010\000H\000e\000a\000l\000t\000h\000\040\000R\000e\000c\000o\000r\000d\000\040\000M\000a\000n\000a\000g\000e\000m\000e\000n\000t\377\011}{subsection.4.4}% 53
\BOOKMARK [3][-]{subsubsection.4.4.18}{\376\377\174\173\377\032\142\245\124\112\124\214\122\006\147\220\377\010\000R\000e\000p\000o\000r\000t\000i\000n\000g\000\040\000\046\000\040\000A\000n\000a\000l\000y\000t\000i\000c\000s\377\011}{subsection.4.4}% 54
\BOOKMARK [3][-]{subsubsection.4.4.19}{\376\377\174\173\377\032\117\335\226\151\131\004\164\006\377\010\000I\000n\000s\000u\000r\000a\000n\000c\000e\000\040\000P\000r\000o\000c\000e\000s\000s\000i\000n\000g\377\011}{subsection.4.4}% 55
\BOOKMARK [3][-]{subsubsection.4.4.20}{\376\377\174\173\377\032\230\204\176\246\143\320\221\222\377\010\000A\000p\000p\000o\000i\000n\000t\000m\000e\000n\000t\000\040\000R\000e\000m\000i\000n\000d\000e\000r\000s\377\011}{subsection.4.4}% 56
\BOOKMARK [3][-]{subsubsection.4.4.21}{\376\377\174\173\377\032\127\050\176\277\145\057\116\330\377\010\000O\000n\000l\000i\000n\000e\000\040\000P\000a\000y\000m\000e\000n\000t\377\011}{subsection.4.4}% 57
\BOOKMARK [3][-]{subsubsection.4.4.22}{\376\377\174\173\377\032\165\050\142\067\123\315\231\210\377\010\000U\000s\000e\000r\000\040\000F\000e\000e\000d\000b\000a\000c\000k\377\011}{subsection.4.4}% 58
\BOOKMARK [2][-]{subsection.4.5}{\376\377\145\160\143\156\213\315\121\170}{section.4}% 59
\BOOKMARK [3][-]{subsubsection.4.5.1}{\376\377\145\160\143\156\155\101\133\232\116\111\210\150}{subsection.4.5}% 60
\BOOKMARK [3][-]{subsubsection.4.5.2}{\376\377\145\160\143\156\121\103\175\040\133\232\116\111\210\150}{subsection.4.5}% 61
\BOOKMARK [3][-]{subsubsection.4.5.3}{\376\377\131\026\220\350\230\171\133\232\116\111\210\150}{subsection.4.5}% 62
\BOOKMARK [3][-]{subsubsection.4.5.4}{\376\377\145\160\143\156\174\276\136\246\210\150}{subsection.4.5}% 63
\BOOKMARK [2][-]{subsection.4.6}{\376\377\145\160\143\156\155\101\126\376}{section.4}% 64
\BOOKMARK [3][-]{subsubsection.4.6.1}{\376\377\143\007\116\344\145\160\143\156\155\101\126\376}{subsection.4.6}% 65
\BOOKMARK [3][-]{subsubsection.4.6.2}{\376\377\230\166\134\102\145\160\143\156\155\101\126\376}{subsection.4.6}% 66
\BOOKMARK [3][-]{subsubsection.4.6.3}{\376\377\116\055\134\102\145\160\143\156\155\101\126\376}{subsection.4.6}% 67
\BOOKMARK [3][-]{subsubsection.4.6.4}{\376\377\165\305\116\272\123\073\165\037\116\244\116\222}{subsection.4.6}% 68
\BOOKMARK [1][-]{section.5}{\376\377\147\015\122\241\172\357}{}% 69
\BOOKMARK [2][-]{subsection.5.1}{\376\377\147\015\122\241\172\357\170\154\116\366\221\115\177\156\227\000\154\102}{section.5}% 70
\BOOKMARK [2][-]{subsection.5.2}{\376\377\147\015\122\241\126\150\147\266\147\204}{section.5}% 71
\BOOKMARK [3][-]{subsubsection.5.2.1}{\376\377\000C\000o\000n\000t\000r\000o\000l\000l\000e\000r\134\102}{subsection.5.2}% 72
\BOOKMARK [1][-]{section.6}{\376\377\140\073\176\323}{}% 73
