\BOOKMARK [1][-]{section.1}{\376\377\137\025\212\000}{}% 1
\BOOKMARK [2][-]{subsection.1.1}{\376\377\177\026\121\231\166\356\166\204}{section.1}% 2
\BOOKMARK [2][-]{subsection.1.2}{\376\377\166\370\121\163\200\314\146\157}{section.1}% 3
\BOOKMARK [2][-]{subsection.1.3}{\376\377\230\171\166\356\143\317\217\360}{section.1}% 4
\BOOKMARK [3][-]{subsubsection.1.3.1}{\376\377\230\171\166\356\143\320\121\372\123\312\141\017\116\111}{subsection.1.3}% 5
\BOOKMARK [3][-]{subsubsection.1.3.2}{\376\377\165\305\116\272\122\237\200\375\227\000\154\102}{subsection.1.3}% 6
\BOOKMARK [3][-]{subsubsection.1.3.3}{\376\377\230\171\166\356\170\024\172\166\163\260\162\266}{subsection.1.3}% 7
\BOOKMARK [3][-]{subsubsection.1.3.4}{\376\377\126\375\131\026\170\024\172\166\163\260\162\266}{subsection.1.3}% 8
\BOOKMARK [1][-]{section.2}{\376\377\116\373\122\241\151\202\217\360}{}% 9
\BOOKMARK [2][-]{subsection.2.1}{\376\377\174\373\176\337\151\202\217\360}{section.2}% 10
\BOOKMARK [2][-]{subsection.2.2}{\376\377\174\373\176\337\176\304\142\020}{section.2}% 11
\BOOKMARK [3][-]{subsubsection.2.2.1}{\376\377\217\320\210\114\163\257\130\203}{subsection.2.2}% 12
\BOOKMARK [3][-]{subsubsection.2.2.2}{\376\377\150\070\137\303\122\237\200\375}{subsection.2.2}% 13
\BOOKMARK [2][-]{subsection.2.3}{\376\377\165\050\142\067\174\173\127\213\116\016\162\171\137\201}{section.2}% 14
\BOOKMARK [2][-]{subsection.2.4}{\376\377\174\373\176\337\120\107\213\276}{section.2}% 15
\BOOKMARK [2][-]{subsection.2.5}{\376\377\174\373\176\337\213\276\213\241\116\016\133\236\163\260\166\204\176\246\147\137\147\141\116\366}{section.2}% 16
\BOOKMARK [2][-]{subsection.2.6}{\376\377\165\050\142\067\145\207\150\143}{section.2}% 17
\BOOKMARK [2][-]{subsection.2.7}{\376\377\147\057\213\355\210\150}{section.2}% 18
\BOOKMARK [1][-]{section.3}{\376\377\227\000\154\102\211\304\133\232}{}% 19
\BOOKMARK [2][-]{subsection.3.1}{\376\377\122\237\200\375\227\000\154\102}{section.3}% 20
\BOOKMARK [3][-]{subsubsection.3.1.1}{\376\377\230\204\176\246\173\241\164\006\152\041\127\127}{subsection.3.1}% 21
\BOOKMARK [3][-]{subsubsection.3.1.2}{\376\377\225\356\213\312\173\241\164\006\152\041\127\127}{subsection.3.1}% 22
\BOOKMARK [3][-]{subsubsection.3.1.3}{\376\377\215\046\123\125\173\241\164\006\152\041\127\127}{subsection.3.1}% 23
\BOOKMARK [3][-]{subsubsection.3.1.4}{\376\377\213\304\116\367\174\373\176\337\152\041\127\127}{subsection.3.1}% 24
\BOOKMARK [3][-]{subsubsection.3.1.5}{\376\377\173\241\164\006\124\130\152\041\127\127}{subsection.3.1}% 25
\BOOKMARK [2][-]{subsection.3.2}{\376\377\165\050\142\067\227\000\154\102}{section.3}% 26
\BOOKMARK [2][-]{subsection.3.3}{\376\377\176\374\124\010\140\047\200\375\211\201\154\102}{section.3}% 27
\BOOKMARK [3][-]{subsubsection.3.3.1}{\376\377\165\114\227\142\213\276\213\241}{subsection.3.3}% 28
\BOOKMARK [3][-]{subsubsection.3.3.2}{\376\377\123\315\136\224\220\037\136\246}{subsection.3.3}% 29
\BOOKMARK [3][-]{subsubsection.3.3.3}{\376\377\213\277\225\356\133\271\221\317}{subsection.3.3}% 30
\BOOKMARK [3][-]{subsubsection.3.3.4}{\376\377\147\015\122\241\126\150\221\115\177\156\147\000\117\116\211\201\154\102}{subsection.3.3}% 31
\BOOKMARK [3][-]{subsubsection.3.3.5}{\376\377\123\357\165\050\140\047}{subsection.3.3}% 32
\BOOKMARK [3][-]{subsubsection.3.3.6}{\376\377\145\160\143\156\131\004\164\006\200\375\122\233}{subsection.3.3}% 33
\BOOKMARK [3][-]{subsubsection.3.3.7}{\376\377\133\211\121\150\140\047}{subsection.3.3}% 34
\BOOKMARK [3][-]{subsubsection.3.3.8}{\376\377\174\373\176\337\172\063\133\232\140\047}{subsection.3.3}% 35
\BOOKMARK [3][-]{subsubsection.3.3.9}{\376\377\142\151\134\125\140\047}{subsection.3.3}% 36
\BOOKMARK [3][-]{subsubsection.3.3.10}{\376\377\176\364\142\244\140\047}{subsection.3.3}% 37
\BOOKMARK [3][-]{subsubsection.3.3.11}{\376\377\143\245\123\343\211\201\154\102}{subsection.3.3}% 38
\BOOKMARK [3][-]{subsubsection.3.3.12}{\376\377\174\373\176\337\215\050\221\317\211\201\154\102}{subsection.3.3}% 39
\BOOKMARK [3][-]{subsubsection.3.3.13}{\376\377\215\050\221\317\143\247\122\066\211\201\154\102}{subsection.3.3}% 40
\BOOKMARK [3][-]{subsubsection.3.3.14}{\376\377\213\276\131\007\232\214\145\066\211\201\154\102}{subsection.3.3}% 41
\BOOKMARK [1][-]{section.4}{\376\377\165\050\142\067\127\072\146\157\116\345\123\312\162\266\140\001\126\376}{}% 42
\BOOKMARK [2][-]{subsection.4.1}{\376\377\165\050\117\213}{section.4}% 43
\BOOKMARK [3][-]{subsubsection.4.1.1}{\376\377\165\050\142\067\154\350\121\214\116\016\166\173\137\125\147\072\122\066}{subsection.4.1}% 44
\BOOKMARK [3][-]{subsubsection.4.1.2}{\376\377\116\052\116\272\123\073\165\227\117\341\140\157\173\241\164\006}{subsection.4.1}% 45
\BOOKMARK [3][-]{subsubsection.4.1.3}{\376\377\116\272\135\345\146\172\200\375\165\305\140\305\124\250\213\342\147\015\122\241}{subsection.4.1}% 46
\BOOKMARK [3][-]{subsubsection.4.1.4}{\376\377\171\321\133\244\116\016\116\023\116\032\230\206\127\337\116\313\176\315}{subsection.4.1}% 47
\BOOKMARK [3][-]{subsubsection.4.1.5}{\376\377\123\073\165\037\230\204\176\246\145\366\153\265\220\011\142\351}{subsection.4.1}% 48
\BOOKMARK [3][-]{subsubsection.4.1.6}{\376\377\123\073\165\037\220\011\142\351\116\016\230\204\176\246\170\156\213\244}{subsection.4.1}% 49
\BOOKMARK [3][-]{subsubsection.4.1.7}{\376\377\123\073\165\037\220\011\142\351\116\016\230\204\176\246\170\156\213\244}{subsection.4.1}% 50
\BOOKMARK [3][-]{subsubsection.4.1.8}{\376\377\123\073\165\227\215\071\165\050\215\046\123\125\173\241\164\006}{subsection.4.1}% 51
\BOOKMARK [3][-]{subsubsection.4.1.9}{\376\377\177\064\215\071\116\016\220\000\215\071\155\101\172\013}{subsection.4.1}% 52
\BOOKMARK [3][-]{subsubsection.4.1.10}{\376\377\165\065\133\120\131\004\145\271\147\345\213\342}{subsection.4.1}% 53
\BOOKMARK [3][-]{subsubsection.4.1.11}{\376\377\165\065\133\120\165\305\123\206\144\034\175\042\116\016\213\277\225\356}{subsection.4.1}% 54
\BOOKMARK [3][-]{subsubsection.4.1.12}{\376\377\230\204\176\246\143\002\123\367\116\016\225\356\213\312\147\015\122\241}{subsection.4.1}% 55
\BOOKMARK [3][-]{subsubsection.4.1.13}{\376\377\145\366\153\265\160\165\155\073\140\047\116\016\116\052\140\047\123\026\230\204\176\246}{subsection.4.1}% 56
\BOOKMARK [3][-]{subsubsection.4.1.14}{\376\377\165\065\133\120\225\356\213\312\123\125\116\016\124\016\176\355\215\337\217\333}{subsection.4.1}% 57
\BOOKMARK [3][-]{subsubsection.4.1.15}{\376\377\123\073\165\227\147\015\122\241\213\304\116\367\117\123\174\373\123\302\116\016}{subsection.4.1}% 58
\BOOKMARK [3][-]{subsubsection.4.1.16}{\376\377\131\004\145\271\116\016\165\305\123\206\166\204\176\374\124\010\147\345\213\342}{subsection.4.1}% 59
\BOOKMARK [2][-]{subsection.4.2}{\376\377\162\266\140\001\126\376}{section.4}% 60
\BOOKMARK [2][-]{subsection.4.3}{\376\377\000I\000P\000O\210\150}{section.4}% 61
\BOOKMARK [2][-]{subsection.4.4}{\376\377\174\173\126\376}{section.4}% 62
\BOOKMARK [3][-]{subsubsection.4.4.1}{\376\377\165\050\142\067\174\173\126\376}{subsection.4.4}% 63
\BOOKMARK [3][-]{subsubsection.4.4.2}{\376\377\230\204\176\246\116\016\225\356\213\312\147\015\122\241\174\173\126\376}{subsection.4.4}% 64
\BOOKMARK [3][-]{subsubsection.4.4.3}{\376\377\123\073\165\227\147\015\122\241\213\304\116\367\117\123\174\373\174\173\126\376}{subsection.4.4}% 65
\BOOKMARK [2][-]{subsection.4.5}{\376\377\000C\000R\000C\123\141}{section.4}% 66
\BOOKMARK [3][-]{subsubsection.4.5.1}{\376\377\174\173\377\032\146\156\220\032\165\050\142\067\377\010\000O\000r\000d\000i\000n\000a\000r\000y\000\040\000U\000s\000e\000r\000s\377\011}{subsection.4.5}% 67
\BOOKMARK [3][-]{subsubsection.4.5.2}{\376\377\174\173\377\032\165\050\142\067\166\173\137\125\377\010\000U\000s\000e\000r\000\040\000L\000o\000g\000i\000n\377\011}{subsection.4.5}% 68
\BOOKMARK [3][-]{subsubsection.4.5.3}{\376\377\174\173\377\032\116\076\143\252\117\341\140\157\377\010\000M\000e\000a\000s\000u\000r\000e\000\040\000I\000n\000f\000o\000r\000m\000a\000t\000i\000o\000n\377\011}{subsection.4.5}% 69
\BOOKMARK [3][-]{subsubsection.4.5.4}{\376\377\174\173\377\032\213\272\127\133\377\010\000F\000o\000r\000u\000m\377\011}{subsection.4.5}% 70
\BOOKMARK [3][-]{subsubsection.4.5.5}{\376\377\174\173\377\032\123\073\226\142\117\341\140\157\377\010\000H\000o\000s\000p\000i\000t\000a\000l\000\040\000I\000n\000f\000o\000r\000m\000a\000t\000i\000o\000n\377\011}{subsection.4.5}% 71
\BOOKMARK [3][-]{subsubsection.4.5.6}{\376\377\174\173\377\032\230\204\176\246\174\373\176\337\377\010\000A\000p\000p\000o\000i\000n\000t\000m\000e\000n\000t\000\040\000S\000y\000s\000t\000e\000m\377\011}{subsection.4.5}% 72
\BOOKMARK [3][-]{subsubsection.4.5.7}{\376\377\174\173\377\032\211\306\230\221\117\032\213\312\377\010\000V\000i\000d\000e\000o\000\040\000C\000o\000n\000s\000u\000l\000t\000a\000t\000i\000o\000n\377\011}{subsection.4.5}% 73
\BOOKMARK [3][-]{subsubsection.4.5.8}{\376\377\174\173\377\032\000A\000I\123\073\165\037\377\010\000A\000I\000\040\000D\000o\000c\000t\000o\000r\000\051}{subsection.4.5}% 74
\BOOKMARK [3][-]{subsubsection.4.5.9}{\376\377\174\173\377\032\211\306\230\221\117\032\213\312\377\010\000V\000i\000d\000e\000o\000\040\000C\000o\000n\000s\000u\000l\000t\000a\000t\000i\000o\000n\000\051}{subsection.4.5}% 75
\BOOKMARK [3][-]{subsubsection.4.5.10}{\376\377\174\173\377\032\173\241\164\006\124\130\377\010\000A\000d\000m\000i\000n\000\051}{subsection.4.5}% 76
\BOOKMARK [3][-]{subsubsection.4.5.11}{\376\377\174\173\377\032\123\073\165\037\377\010\000D\000o\000c\000t\000o\000r\000\051}{subsection.4.5}% 77
\BOOKMARK [3][-]{subsubsection.4.5.12}{\376\377\174\173\377\032\215\046\123\125\173\241\164\006\377\010\000B\000i\000l\000l\000i\000n\000g\000\040\000M\000a\000n\000a\000g\000e\000m\000e\000n\000t\377\011}{subsection.4.5}% 78
\BOOKMARK [3][-]{subsubsection.4.5.13}{\376\377\174\173\377\032\131\004\145\271\173\241\164\006\377\010\000P\000r\000e\000s\000c\000r\000i\000p\000t\000i\000o\000n\000\040\000M\000a\000n\000a\000g\000e\000m\000e\000n\000t\377\011}{subsection.4.5}% 79
\BOOKMARK [3][-]{subsubsection.4.5.14}{\376\377\174\173\377\032\120\145\136\267\150\143\150\110\173\241\164\006\377\010\000H\000e\000a\000l\000t\000h\000\040\000R\000e\000c\000o\000r\000d\000\040\000M\000a\000n\000a\000g\000e\000m\000e\000n\000t\377\011}{subsection.4.5}% 80
\BOOKMARK [3][-]{subsubsection.4.5.15}{\376\377\174\173\377\032\142\245\124\112\124\214\122\006\147\220\377\010\000R\000e\000p\000o\000r\000t\000i\000n\000g\000\040\000\046\000\040\000A\000n\000a\000l\000y\000t\000i\000c\000s\377\011}{subsection.4.5}% 81
\BOOKMARK [3][-]{subsubsection.4.5.16}{\376\377\174\173\377\032\117\335\226\151\131\004\164\006\377\010\000I\000n\000s\000u\000r\000a\000n\000c\000e\000\040\000P\000r\000o\000c\000e\000s\000s\000i\000n\000g\377\011}{subsection.4.5}% 82
\BOOKMARK [3][-]{subsubsection.4.5.17}{\376\377\174\173\377\032\230\204\176\246\143\320\221\222\377\010\000A\000p\000p\000o\000i\000n\000t\000m\000e\000n\000t\000\040\000R\000e\000m\000i\000n\000d\000e\000r\000s\377\011}{subsection.4.5}% 83
\BOOKMARK [3][-]{subsubsection.4.5.18}{\376\377\174\173\377\032\127\050\176\277\145\057\116\330\377\010\000O\000n\000l\000i\000n\000e\000\040\000P\000a\000y\000m\000e\000n\000t\377\011}{subsection.4.5}% 84
\BOOKMARK [3][-]{subsubsection.4.5.19}{\376\377\174\173\377\032\165\050\142\067\123\315\231\210\377\010\000U\000s\000e\000r\000\040\000F\000e\000e\000d\000b\000a\000c\000k\377\011}{subsection.4.5}% 85
\BOOKMARK [2][-]{subsection.4.6}{\376\377\145\160\143\156\213\315\121\170}{section.4}% 86
\BOOKMARK [3][-]{subsubsection.4.6.1}{\376\377\145\160\143\156\155\101\133\232\116\111\210\150}{subsection.4.6}% 87
\BOOKMARK [3][-]{subsubsection.4.6.2}{\376\377\145\160\143\156\121\103\175\040\133\232\116\111\210\150}{subsection.4.6}% 88
\BOOKMARK [3][-]{subsubsection.4.6.3}{\376\377\131\026\220\350\230\171\133\232\116\111\210\150}{subsection.4.6}% 89
\BOOKMARK [3][-]{subsubsection.4.6.4}{\376\377\145\160\143\156\174\276\136\246\210\150}{subsection.4.6}% 90
\BOOKMARK [2][-]{subsection.4.7}{\376\377\145\160\143\156\155\101\126\376}{section.4}% 91
\BOOKMARK [3][-]{subsubsection.4.7.1}{\376\377\143\007\116\344\145\160\143\156\155\101\126\376}{subsection.4.7}% 92
\BOOKMARK [3][-]{subsubsection.4.7.2}{\376\377\230\166\134\102\145\160\143\156\155\101\126\376}{subsection.4.7}% 93
\BOOKMARK [3][-]{subsubsection.4.7.3}{\376\377\116\055\134\102\145\160\143\156\155\101\126\376}{subsection.4.7}% 94
\BOOKMARK [3][-]{subsubsection.4.7.4}{\376\377\165\305\116\272\123\073\165\037\116\244\116\222}{subsection.4.7}% 95
\BOOKMARK [1][-]{section.5}{\376\377\227\136\122\237\200\375\140\047\227\000\154\102}{}% 96
\BOOKMARK [2][-]{subsection.5.1}{\376\377\147\015\122\241\172\357\170\154\116\366\221\115\177\156\227\000\154\102}{section.5}% 97
\BOOKMARK [3][-]{subsubsection.5.1.1}{\376\377\140\047\200\375\227\000\154\102}{subsection.5.1}% 98
\BOOKMARK [3][-]{subsubsection.5.1.2}{\376\377\217\223\121\145\211\201\154\102}{subsection.5.1}% 99
\BOOKMARK [2][-]{subsection.5.2}{\376\377\145\160\143\156\173\241\164\006\227\000\154\102}{section.5}% 100
\BOOKMARK [3][-]{subsubsection.5.2.1}{\376\377\174\373\176\337\162\354\172\313\140\047\124\214\133\214\145\164\140\047}{subsection.5.2}% 101
\BOOKMARK [3][-]{subsubsection.5.2.2}{\376\377\145\160\143\156\131\007\116\375\116\016\140\142\131\015}{subsection.5.2}% 102
\BOOKMARK [3][-]{subsubsection.5.2.3}{\376\377\133\211\121\150\140\047\117\335\226\234}{subsection.5.2}% 103
\BOOKMARK [3][-]{subsubsection.5.2.4}{\376\377\121\167\117\123\176\306\122\031}{subsection.5.2}% 104
\BOOKMARK [2][-]{subsection.5.3}{\376\377\147\103\226\120\116\016\133\211\121\150\227\000\154\102}{section.5}% 105
\BOOKMARK [2][-]{subsection.5.4}{\376\377\217\157\116\366\215\050\221\317\134\136\140\047}{section.5}% 106
\BOOKMARK [3][-]{subsubsection.5.4.1}{\376\377\234\201\150\322\140\047}{subsection.5.4}% 107
\BOOKMARK [3][-]{subsubsection.5.4.2}{\376\377\123\357\165\050\140\047}{subsection.5.4}% 108
\BOOKMARK [2][-]{subsection.5.5}{\376\377\123\357\211\306\123\026\227\000\154\102}{section.5}% 109
\BOOKMARK [2][-]{subsection.5.6}{\376\377\226\062\142\244\140\047\227\000\154\102}{section.5}% 110
\BOOKMARK [2][-]{subsection.5.7}{\376\377\123\357\176\364\142\244\140\047}{section.5}% 111
\BOOKMARK [2][-]{subsection.5.8}{\376\377\177\121\176\334\211\201\154\102}{section.5}% 112
\BOOKMARK [2][-]{subsection.5.9}{\376\377\147\015\122\241\172\357\217\157\116\366\117\235\215\126\211\201\154\102}{section.5}% 113
\BOOKMARK [3][-]{subsubsection.5.9.1}{\376\377\124\016\172\357}{subsection.5.9}% 114
\BOOKMARK [3][-]{subsubsection.5.9.2}{\376\377\145\160\143\156\136\223}{subsection.5.9}% 115
\BOOKMARK [3][-]{subsubsection.5.9.3}{\376\377\121\166\116\326\117\235\215\126}{subsection.5.9}% 116
\BOOKMARK [2][-]{subsection.5.10}{\376\377\133\242\142\067\172\357\217\157\170\154\116\366\221\115\177\156\211\201\154\102}{section.5}% 117
\BOOKMARK [3][-]{subsubsection.5.10.1}{\376\377\133\242\142\067\172\357}{subsection.5.10}% 118
\BOOKMARK [3][-]{subsubsection.5.10.2}{\376\377\170\154\116\366}{subsection.5.10}% 119
\BOOKMARK [2][-]{subsection.5.11}{\376\377\123\330\146\364\143\247\122\066\211\304\203\003}{section.5}% 120
\BOOKMARK [2][-]{subsection.5.12}{\376\377\145\105\226\234\131\004\164\006}{section.5}% 121
\BOOKMARK [2][-]{subsection.5.13}{\376\377\145\105\226\234\170\156\213\244}{section.5}% 122
\BOOKMARK [2][-]{subsection.5.14}{\376\377\145\105\226\234\201\352\122\250\140\142\131\015}{section.5}% 123
\BOOKMARK [2][-]{subsection.5.15}{\376\377\145\105\226\234\217\336\225\001\213\312\145\255}{section.5}% 124
\BOOKMARK [1][-]{section.6}{\376\377\140\073\176\323}{}% 125
\BOOKMARK [1][-]{section.7}{\376\377\226\104\137\125}{}% 126
