Running: E:\ISE\14.7\ISE_DS\ISE\bin\nt64\unwrapped\fuse.exe -intstyle ise -incremental -lib unisims_ver -lib unimacro_ver -lib xilinxcorelib_ver -lib secureip -o E:/lab/12/Counter/texttop_isim_beh.exe -prj E:/lab/12/Counter/texttop_beh.prj work.texttop work.glbl 
ISim P.20131013 (signature 0x7708f090)
Number of CPUs detected in this system: 16
Turning on mult-threading, number of parallel sub-compilation jobs: 32 
Determining compilation order of HDL files
Analyzing Verilog file "E:/lab/12/Counter/MyRegister4b.v" into library work
Analyzing Verilog file "E:/lab/12/Counter/Load_Gen.v" into library work
Analyzing Verilog file "E:/lab/12/Counter/clkdiv.v" into library work
Analyzing Verilog file "E:/lab/12/Counter/AddSub4b.v" into library work
Analyzing Verilog file "E:/lab/12/Counter/Top.v" into library work
Analyzing Verilog file "E:/lab/12/Counter/texttop.v" into library work
Analyzing Verilog file "E:/ISE/14.7/ISE_DS/ISE//verilog/src/glbl.v" into library work
Starting static elaboration
WARNING:HDLCompiler:1016 - "E:/lab/12/Counter/Top.v" Line 35: Port Co is not connected to this instance
Completed static elaboration
Compiling module MyRegister4b
Compiling module Load_Gen
Compiling module clkdiv
Compiling module AddSub4b
Compiling module Top
Compiling module texttop
Compiling module glbl
Time Resolution for simulation is 1ps.
Waiting for 1 sub-compilation(s) to finish...
WARNING:Simulator - Unable to copy libPortabilityNOSH.dll to the simulation executable directory: boost::filesystem::copy_file: 系统找不到指定的路径。, "isim\texttop_isim_beh.exe.sim\libPortability.dll".
Compiled 7 Verilog Units
Built simulation executable E:/lab/12/Counter/texttop_isim_beh.exe
Fuse Memory Usage: 29312 KB
Fuse CPU Usage: 327 ms
