The system is: Windows - 10.0.19044 - AMD64
The system is: Windows - 10.0.19044 - AMD64
The system is: Windows - 10.0.19044 - AMD64
The system is: Windows - 10.0.19044 - AMD64
The system is: Windows - 10.0.19044 - AMD64
The system is: Windows - 10.0.19044 - AMD64
The system is: Windows - 10.0.19044 - AMD64
The system is: Windows - 10.0.19044 - AMD64
Compiling the C compiler identification source file "CMakeCCompilerId.c" succeeded.
Compiler: C:/Program Files (x86)/Microsoft Visual Studio/2022/BuildTools/VC/Tools/MSVC/14.37.32822/bin/Hostx86/x86/cl.exe 
Build flags: 
Id flags:  

The output was:
0
用于 x86 的 Microsoft (R) C/C++ 优化编译器 19.37.32824 版
版权所有(C) Microsoft Corporation。保留所有权利。

CMakeCCompilerId.c
Microsoft (R) Incremental Linker Version 14.37.32824.0
Copyright (C) Microsoft Corporation.  All rights reserved.

/out:CMakeCCompilerId.exe 
CMakeCCompilerId.obj 


Compilation of the C compiler identification source "CMakeCCompilerId.c" produced "CMakeCCompilerId.exe"

Compilation of the C compiler identification source "CMakeCCompilerId.c" produced "CMakeCCompilerId.obj"

The C compiler identification is MSVC, found in "C:/Users/Administrator/Desktop/Server/cmake-build-debug/CMakeFiles/3.25.2/CompilerIdC/CMakeCCompilerId.exe"

Compiling the CXX compiler identification source file "CMakeCXXCompilerId.cpp" succeeded.
Compiler: C:/Program Files (x86)/Microsoft Visual Studio/2022/BuildTools/VC/Tools/MSVC/14.37.32822/bin/Hostx86/x86/cl.exe 
Build flags: 
Id flags:  

The output was:
0
用于 x86 的 Microsoft (R) C/C++ 优化编译器 19.37.32824 版
版权所有(C) Microsoft Corporation。保留所有权利。

CMakeCXXCompilerId.cpp
Microsoft (R) Incremental Linker Version 14.37.32824.0
Copyright (C) Microsoft Corporation.  All rights reserved.

/out:CMakeCXXCompilerId.exe 
CMakeCXXCompilerId.obj 


Compilation of the CXX compiler identification source "CMakeCXXCompilerId.cpp" produced "CMakeCXXCompilerId.exe"

Compilation of the CXX compiler identification source "CMakeCXXCompilerId.cpp" produced "CMakeCXXCompilerId.obj"

The CXX compiler identification is MSVC, found in "C:/Users/Administrator/Desktop/Server/cmake-build-debug/CMakeFiles/3.25.2/CompilerIdCXX/CMakeCXXCompilerId.exe"

Detecting C compiler ABI info compiled with the following output:
Change Dir: C:/Users/Administrator/Desktop/Server/cmake-build-debug/CMakeFiles/CMakeScratch/TryCompile-ofaeyj

Run Build Command(s):D:/CLion 2023.1.3/bin/ninja/win/x64/ninja.exe cmTC_453e7 && [1/2] Building C object CMakeFiles\cmTC_453e7.dir\CMakeCCompilerABI.c.obj
[2/2] Linking C executable cmTC_453e7.exe



Detecting CXX compiler ABI info compiled with the following output:
Change Dir: C:/Users/Administrator/Desktop/Server/cmake-build-debug/CMakeFiles/CMakeScratch/TryCompile-3y96mm

Run Build Command(s):D:/CLion 2023.1.3/bin/ninja/win/x64/ninja.exe cmTC_0f87f && [1/2] Building CXX object CMakeFiles\cmTC_0f87f.dir\CMakeCXXCompilerABI.cpp.obj
[2/2] Linking CXX executable cmTC_0f87f.exe



