--------------------------------------------------------------------------------
Release 14.7 Trace  (nt64)
Copyright (c) 1995-2013 Xilinx, Inc.  All rights reserved.

E:\ISE\14.7\ISE_DS\ISE\bin\nt64\unwrapped\trce.exe -intstyle ise -v 3 -s 1 -n 3
-fastpaths -xml top.twx top.ncd -o top.twr top.pcf -ucf k7_exp8.ucf

Design file:              top.ncd
Physical constraint file: top.pcf
Device,package,speed:     xc7k160t,ffg676,C,-1 (PRODUCTION 1.10 2013-10-13)
Report level:             verbose report

Environment Variable      Effect 
--------------------      ------ 
NONE                      No environment variables were set
--------------------------------------------------------------------------------

INFO:Timing:2698 - No timing constraints found, doing default enumeration.
INFO:Timing:3412 - To improve timing, see the Timing Closure User Guide (UG612).
INFO:Timing:2752 - To get complete path coverage, use the unconstrained paths 
   option. All paths that are not constrained will be reported in the 
   unconstrained paths section(s) of the report.
INFO:Timing:3339 - The clock-to-out numbers in this timing report are based on 
   a 50 Ohm transmission line loading model.  For the details of this model, 
   and for more information on accounting for different loading conditions, 
   please see the device datasheet.



Data Sheet report:
-----------------
All values displayed in nanoseconds (ns)

Clock clk to Pad
------------+-----------------+------------+-----------------+------------+------------------+--------+
            |Max (slowest) clk|  Process   |Min (fastest) clk|  Process   |                  | Clock  |
Destination |  (edge) to PAD  |   Corner   |  (edge) to PAD  |   Corner   |Internal Clock(s) | Phase  |
------------+-----------------+------------+-----------------+------------+------------------+--------+
AN<0>       |        12.331(R)|      SLOW  |         4.646(R)|      FAST  |clk_BUFGP         |   0.000|
AN<1>       |        12.336(R)|      SLOW  |         4.640(R)|      FAST  |clk_BUFGP         |   0.000|
AN<2>       |        12.279(R)|      SLOW  |         4.591(R)|      FAST  |clk_BUFGP         |   0.000|
AN<3>       |        12.318(R)|      SLOW  |         4.604(R)|      FAST  |clk_BUFGP         |   0.000|
SEGMENT<0>  |        16.684(R)|      SLOW  |         4.904(R)|      FAST  |clk_BUFGP         |   0.000|
SEGMENT<1>  |        16.622(R)|      SLOW  |         4.708(R)|      FAST  |clk_BUFGP         |   0.000|
SEGMENT<2>  |        16.505(R)|      SLOW  |         4.897(R)|      FAST  |clk_BUFGP         |   0.000|
SEGMENT<3>  |        16.563(R)|      SLOW  |         4.794(R)|      FAST  |clk_BUFGP         |   0.000|
SEGMENT<4>  |        16.703(R)|      SLOW  |         4.793(R)|      FAST  |clk_BUFGP         |   0.000|
SEGMENT<5>  |        16.347(R)|      SLOW  |         4.829(R)|      FAST  |clk_BUFGP         |   0.000|
SEGMENT<6>  |        16.488(R)|      SLOW  |         4.730(R)|      FAST  |clk_BUFGP         |   0.000|
SEGMENT<7>  |        15.158(R)|      SLOW  |         6.012(R)|      FAST  |clk_BUFGP         |   0.000|
------------+-----------------+------------+-----------------+------------+------------------+--------+

Clock to Setup on destination clock clk
---------------+---------+---------+---------+---------+
               | Src:Rise| Src:Fall| Src:Rise| Src:Fall|
Source Clock   |Dest:Rise|Dest:Rise|Dest:Fall|Dest:Fall|
---------------+---------+---------+---------+---------+
clk            |    1.384|         |         |         |
---------------+---------+---------+---------+---------+

Pad to Pad
---------------+---------------+---------+
Source Pad     |Destination Pad|  Delay  |
---------------+---------------+---------+
SW<0>          |SEGMENT<7>     |    8.722|
SW<1>          |SEGMENT<7>     |    9.036|
SW<2>          |SEGMENT<7>     |    8.908|
SW<3>          |SEGMENT<7>     |    8.874|
SW<4>          |SEGMENT<0>     |   10.326|
SW<4>          |SEGMENT<1>     |   10.264|
SW<4>          |SEGMENT<2>     |   10.147|
SW<4>          |SEGMENT<3>     |   10.205|
SW<4>          |SEGMENT<4>     |   10.345|
SW<4>          |SEGMENT<5>     |    9.989|
SW<4>          |SEGMENT<6>     |   10.130|
SW<5>          |SEGMENT<0>     |   10.525|
SW<5>          |SEGMENT<1>     |   10.463|
SW<5>          |SEGMENT<2>     |   10.346|
SW<5>          |SEGMENT<3>     |   10.404|
SW<5>          |SEGMENT<4>     |   10.544|
SW<5>          |SEGMENT<5>     |   10.188|
SW<5>          |SEGMENT<6>     |   10.329|
SW<6>          |SEGMENT<0>     |   10.437|
SW<6>          |SEGMENT<1>     |   10.375|
SW<6>          |SEGMENT<2>     |   10.258|
SW<6>          |SEGMENT<3>     |   10.316|
SW<6>          |SEGMENT<4>     |   10.456|
SW<6>          |SEGMENT<5>     |   10.100|
SW<6>          |SEGMENT<6>     |   10.241|
SW<7>          |SEGMENT<0>     |   10.371|
SW<7>          |SEGMENT<1>     |   10.309|
SW<7>          |SEGMENT<2>     |   10.192|
SW<7>          |SEGMENT<3>     |   10.250|
SW<7>          |SEGMENT<4>     |   10.390|
SW<7>          |SEGMENT<5>     |   10.034|
SW<7>          |SEGMENT<6>     |   10.175|
---------------+---------------+---------+


Analysis completed Tue Nov 15 17:57:07 2022 
--------------------------------------------------------------------------------

Trace Settings:
-------------------------
Trace Settings 

Peak Memory Usage: 5100 MB



