\BOOKMARK [1][-]{section.1}{\376\377\137\025\212\000}{}% 1
\BOOKMARK [2][-]{subsection.1.1}{\376\377\177\026\121\231\166\356\166\204}{section.1}% 2
\BOOKMARK [2][-]{subsection.1.2}{\376\377\230\171\166\356\143\317\217\360}{section.1}% 3
\BOOKMARK [2][-]{subsection.1.3}{\376\377\122\237\200\375\227\000\154\102}{section.1}% 4
\BOOKMARK [1][-]{section.2}{\376\377\145\207\163\056\214\003\170\024}{}% 5
\BOOKMARK [1][-]{section.3}{\376\377\174\373\176\337\117\123\174\373\122\006\147\220}{}% 6
\BOOKMARK [1][-]{section.4}{\376\377\176\317\121\170\000\040\000G\000o\000F\000\040\213\276\213\241\152\041\137\017\136\224\165\050}{}% 7
\BOOKMARK [2][-]{subsection.4.1}{\376\377\122\033\136\372\127\213\152\041\137\017}{section.4}% 8
\BOOKMARK [3][-]{subsubsection.4.1.1}{\376\377\135\345\123\202\152\041\137\017}{subsection.4.1}% 9
\BOOKMARK [3][-]{subsubsection.4.1.2}{\376\377\142\275\214\141\135\345\123\202}{subsection.4.1}% 10
\BOOKMARK [3][-]{subsubsection.4.1.3}{\376\377\136\372\220\040\200\005\152\041\137\017}{subsection.4.1}% 11
\BOOKMARK [3][-]{subsubsection.4.1.4}{\376\377\123\237\127\213\152\041\137\017}{subsection.4.1}% 12
\BOOKMARK [3][-]{subsubsection.4.1.5}{\376\377\123\125\117\213\152\041\137\017}{subsection.4.1}% 13
\BOOKMARK [2][-]{subsection.4.2}{\376\377\176\323\147\204\127\213\152\041\137\017}{section.4}% 14
\BOOKMARK [3][-]{subsubsection.4.2.1}{\376\377\220\002\221\115\126\150}{subsection.4.2}% 15
\BOOKMARK [3][-]{subsubsection.4.2.2}{\376\377\150\145\143\245\126\150}{subsection.4.2}% 16
\BOOKMARK [3][-]{subsubsection.4.2.3}{\376\377\131\026\211\302}{subsection.4.2}% 17
\BOOKMARK [3][-]{subsubsection.4.2.4}{\376\377\116\343\164\006}{subsection.4.2}% 18
\BOOKMARK [2][-]{subsection.4.3}{\376\377\210\114\116\072\152\041\137\017}{section.4}% 19
\BOOKMARK [3][-]{subsubsection.4.3.1}{\376\377\217\355\116\343\126\150}{subsection.4.3}% 20
\BOOKMARK [3][-]{subsubsection.4.3.2}{\376\377\116\055\116\313\200\005}{subsection.4.3}% 21
\BOOKMARK [3][-]{subsubsection.4.3.3}{\376\377\211\302\133\337\200\005}{subsection.4.3}% 22
\BOOKMARK [3][-]{subsubsection.4.3.4}{\376\377\162\266\140\001}{subsection.4.3}% 23
\BOOKMARK [3][-]{subsubsection.4.3.5}{\376\377\173\126\165\145}{subsection.4.3}% 24
\BOOKMARK [3][-]{subsubsection.4.3.6}{\376\377\152\041\162\110\145\271\154\325}{subsection.4.3}% 25
\BOOKMARK [1][-]{section.5}{\376\377\140\073\176\323}{}% 26
