\BOOKMARK [1][-]{section.1}{\376\377\137\025\212\000}{}% 1
\BOOKMARK [2][-]{subsection.1.1}{\376\377\177\026\121\231\166\356\166\204}{section.1}% 2
\BOOKMARK [2][-]{subsection.1.2}{\376\377\230\171\166\356\143\317\217\360}{section.1}% 3
\BOOKMARK [2][-]{subsection.1.3}{\376\377\174\373\176\337\151\202\217\360}{section.1}% 4
\BOOKMARK [2][-]{subsection.1.4}{\376\377\155\113\213\325\166\356\166\204}{section.1}% 5
\BOOKMARK [2][-]{subsection.1.5}{\376\377\155\113\213\325\203\003\126\364}{section.1}% 6
\BOOKMARK [2][-]{subsection.1.6}{\376\377\155\113\213\325\145\271\154\325}{section.1}% 7
\BOOKMARK [2][-]{subsection.1.7}{\376\377\123\302\200\003\215\104\145\231}{section.1}% 8
\BOOKMARK [2][-]{subsection.1.8}{\376\377\155\113\213\325\176\323\147\234}{section.1}% 9
\BOOKMARK [1][-]{section.2}{\376\377\155\113\213\325\151\202\211\201}{}% 10
\BOOKMARK [1][-]{section.3}{\376\377\227\142\124\021\133\371\214\141\155\113\213\325}{}% 11
\BOOKMARK [2][-]{subsection.3.1}{\376\377\174\373\176\337\145\164\117\123\147\266\147\204}{section.3}% 12
\BOOKMARK [1][-]{section.4}{\376\377\122\237\200\375\232\214\213\301\155\113\213\325}{}% 13
\BOOKMARK [2][-]{subsection.4.1}{\376\377\165\050\142\067\154\350\121\214\116\016\166\173\137\125}{section.4}% 14
\BOOKMARK [2][-]{subsection.4.2}{\376\377\123\073\165\037\230\204\176\246\116\016\145\366\153\265\220\011\142\351}{section.4}% 15
\BOOKMARK [2][-]{subsection.4.3}{\376\377\171\321\133\244\116\016\123\073\165\037\117\341\140\157\116\313\176\315}{section.4}% 16
\BOOKMARK [2][-]{subsection.4.4}{\376\377\116\052\116\272\123\073\165\227\117\341\140\157\173\241\164\006}{section.4}% 17
\BOOKMARK [2][-]{subsection.4.5}{\376\377\131\004\145\271\116\016\165\305\123\206\176\374\124\010\147\345\213\342}{section.4}% 18
\BOOKMARK [2][-]{subsection.4.6}{\376\377\123\073\165\227\215\071\165\050\215\046\123\125\173\241\164\006}{section.4}% 19
\BOOKMARK [2][-]{subsection.4.7}{\376\377\165\065\133\120\225\356\213\312\123\125\116\016\124\016\176\355\215\337\217\333}{section.4}% 20
\BOOKMARK [2][-]{subsection.4.8}{\376\377\123\073\165\227\147\015\122\241\213\304\116\367}{section.4}% 21
\BOOKMARK [1][-]{section.5}{\376\377\174\373\176\337\147\266\147\204\215\104\156\220\155\210\200\027\155\113\213\325}{}% 22
\BOOKMARK [2][-]{subsection.5.1}{\376\377\147\015\122\241\172\357\170\154\116\366\221\115\177\156\227\000\154\102}{section.5}% 23
\BOOKMARK [2][-]{subsection.5.2}{\376\377\147\015\122\241\126\150\147\266\147\204}{section.5}% 24
\BOOKMARK [3][-]{subsubsection.5.2.1}{\376\377\000C\000o\000n\000t\000r\000o\000l\000l\000e\000r\134\102}{subsection.5.2}% 25
\BOOKMARK [3][-]{subsubsection.5.2.2}{\376\377\000S\000e\000r\000v\000i\000c\000e\134\102}{subsection.5.2}% 26
\BOOKMARK [3][-]{subsubsection.5.2.3}{\376\377\000M\000a\000p\000p\000e\000r\134\102\000\050\000D\000a\000o\134\102\000\051}{subsection.5.2}% 27
\BOOKMARK [3][-]{subsubsection.5.2.4}{\376\377\000M\000o\000d\000e\000l\134\102}{subsection.5.2}% 28
\BOOKMARK [1][-]{section.6}{\376\377\122\237\200\375\232\214\213\301\155\113\213\325}{}% 29
\BOOKMARK [2][-]{subsection.6.1}{\376\377\166\173\137\125\154\350\121\214\152\041\127\127}{section.6}% 30
\BOOKMARK [2][-]{subsection.6.2}{\376\377\123\073\165\037\230\204\176\246\116\016\145\366\153\265\220\011\142\351}{section.6}% 31
\BOOKMARK [2][-]{subsection.6.3}{\376\377\171\321\133\244\116\016\123\073\165\037\117\341\140\157\116\313\176\315}{section.6}% 32
\BOOKMARK [2][-]{subsection.6.4}{\376\377\116\052\116\272\123\073\165\227\117\341\140\157\173\241\164\006}{section.6}% 33
\BOOKMARK [2][-]{subsection.6.5}{\376\377\131\004\145\271\116\016\165\305\123\206\176\374\124\010\147\345\213\342}{section.6}% 34
\BOOKMARK [2][-]{subsection.6.6}{\376\377\123\073\165\227\215\071\165\050\215\046\123\125\173\241\164\006}{section.6}% 35
\BOOKMARK [2][-]{subsection.6.7}{\376\377\165\065\133\120\225\356\213\312\123\125\116\016\124\016\176\355\215\337\217\333}{section.6}% 36
\BOOKMARK [2][-]{subsection.6.8}{\376\377\123\073\165\227\147\015\122\241\213\304\116\367\152\041\127\127}{section.6}% 37
\BOOKMARK [1][-]{section.7}{\376\377\123\213\122\233\155\113\213\325}{}% 38
\BOOKMARK [2][-]{subsection.7.1}{\376\377\155\113\213\325\166\356\166\204}{section.7}% 39
\BOOKMARK [2][-]{subsection.7.2}{\376\377\155\113\213\325\163\257\130\203}{section.7}% 40
\BOOKMARK [2][-]{subsection.7.3}{\376\377\155\113\213\325\173\126\165\145}{section.7}% 41
\BOOKMARK [2][-]{subsection.7.4}{\376\377\155\113\213\325\176\323\147\234}{section.7}% 42
\BOOKMARK [2][-]{subsection.7.5}{\376\377\155\113\213\325\176\323\213\272}{section.7}% 43
\BOOKMARK [1][-]{section.8}{\376\377\122\006\147\220\144\130\211\201}{}% 44
\BOOKMARK [2][-]{subsection.8.1}{\376\377\200\375\122\233}{section.8}% 45
\BOOKMARK [2][-]{subsection.8.2}{\376\377\226\120\122\066}{section.8}% 46
\BOOKMARK [1][-]{section.9}{\376\377\140\073\176\323}{}% 47
