Running: E:\ISE\14.7\ISE_DS\ISE\bin\nt64\unwrapped\fuse.exe -intstyle ise -incremental -lib unisims_ver -lib unimacro_ver -lib xilinxcorelib_ver -lib secureip -o E:/lab/5/D_74LS138/D_74LS138_D_74LS138_sch_tb_isim_beh.exe -prj E:/lab/5/D_74LS138/D_74LS138_D_74LS138_sch_tb_beh.prj work.D_74LS138_D_74LS138_sch_tb work.glbl 
ISim P.20131013 (signature 0x7708f090)
Number of CPUs detected in this system: 16
Turning on mult-threading, number of parallel sub-compilation jobs: 32 
Determining compilation order of HDL files
Analyzing Verilog file "E:/lab/5/D_74LS138/D_74LS138.vf" into library work
Analyzing Verilog file "E:/lab/5/D_74LS138/test.v" into library work
Analyzing Verilog file "E:/ISE/14.7/ISE_DS/ISE//verilog/src/glbl.v" into library work
Starting static elaboration
Completed static elaboration
Compiling module AND2
Compiling module INV
Compiling module NAND3
Compiling module NOR3
Compiling module D_74LS138
Compiling module D_74LS138_D_74LS138_sch_tb
Compiling module glbl
Time Resolution for simulation is 1ps.
WARNING:Simulator - Unable to copy libPortabilityNOSH.dll to the simulation executable directory: boost::filesystem::copy_file: 系统找不到指定的路径。, "isim\D_74LS138_D_74LS138_sch_tb_isim_beh.exe.sim\libPortability.dll".
Compiled 7 Verilog Units
Built simulation executable E:/lab/5/D_74LS138/D_74LS138_D_74LS138_sch_tb_isim_beh.exe
Fuse Memory Usage: 28660 KB
Fuse CPU Usage: 358 ms
